Removed Pin From Net: NetName=GND Pin=C1-1
Removed Pin From Net: NetName=+3V3 Pin=C1-2
Removed Pin From Net: NetName=GND Pin=C2-1
Removed Pin From Net: NetName=+3V3 Pin=C2-2
Removed Pin From Net: NetName=GND Pin=C3-1
Removed Pin From Net: NetName=+3V3 Pin=C3-2
Removed Pin From Net: NetName=GND Pin=C4-1
Removed Pin From Net: NetName=+3V3 Pin=C4-2
Removed Pin From Net: NetName=GND Pin=C5-1
Removed Pin From Net: NetName=+3V3 Pin=C5-2
Removed Pin From Net: NetName=GND Pin=C6-1
Removed Pin From Net: NetName=+3V3 Pin=C6-2
Removed Pin From Net: NetName=GND Pin=C7-1
Removed Pin From Net: NetName=+3V3 Pin=C7-2
Removed Pin From Net: NetName=GND Pin=C8-1
Removed Pin From Net: NetName=+3V3 Pin=C8-2
Removed Pin From Net: NetName=GND Pin=C9-1
Removed Pin From Net: NetName=+3V3 Pin=C9-2
Removed Pin From Net: NetName=GND Pin=C10-1
Removed Pin From Net: NetName=+3V3 Pin=C10-2
Removed Pin From Net: NetName=GND Pin=C11-1
Removed Pin From Net: NetName=+3V3 Pin=C11-2
Removed Member From Class: ClassName=MCU Member=C26
Removed Member From Class: ClassName=MCU Member=C27
Removed Member From Class: ClassName=MCU Member=C28
Removed Member From Class: ClassName=MCU Member=C29
Removed Member From Class: ClassName=MCU Member=C30
Removed Member From Class: ClassName=MCU Member=C31
Removed Member From Class: ClassName=MCU Member=C32
Removed Member From Class: ClassName=MCU Member=C33
Removed Member From Class: ClassName=MCU Member=C34
Removed Member From Class: ClassName=MCU Member=C35
Removed Member From Class: ClassName=MCU Member=C36
Change Component Designator: OldDesignator=BOOT0 NewDesignator=BOOT1
Change Component Designator: OldDesignator=C12 NewDesignator=C1
Change Component Designator: OldDesignator=C13 NewDesignator=C2
Change Component Designator: OldDesignator=C14 NewDesignator=C3
Change Component Designator: OldDesignator=C15 NewDesignator=C4
Change Component Designator: OldDesignator=C16 NewDesignator=C5
Change Component Designator: OldDesignator=C17 NewDesignator=C6
Change Component Designator: OldDesignator=C18 NewDesignator=C7
Change Component Designator: OldDesignator=C19 NewDesignator=C8
Change Component Designator: OldDesignator=C20 NewDesignator=C9
Change Component Designator: OldDesignator=C21 NewDesignator=C10
Change Component Designator: OldDesignator=C22 NewDesignator=C11
Change Component Designator: OldDesignator=C23 NewDesignator=C12
Change Component Designator: OldDesignator=C24 NewDesignator=C13
Change Component Designator: OldDesignator=C25 NewDesignator=C14
Change Component Designator: OldDesignator=C26 NewDesignator=C15
Change Component Designator: OldDesignator=C27 NewDesignator=C16
Change Component Designator: OldDesignator=C28 NewDesignator=C17
Change Component Designator: OldDesignator=C29 NewDesignator=C18
Change Component Designator: OldDesignator=C30 NewDesignator=C19
Change Component Designator: OldDesignator=C31 NewDesignator=C21
Change Component Designator: OldDesignator=C32 NewDesignator=C24
Change Component Designator: OldDesignator=C33 NewDesignator=C25
Change Component Designator: OldDesignator=C34 NewDesignator=C22
Change Component Designator: OldDesignator=C35 NewDesignator=C23
Change Component Designator: OldDesignator=C36 NewDesignator=C20
Change Component Designator: OldDesignator=C37 NewDesignator=C26
Change Component Designator: OldDesignator=C38 NewDesignator=C27
Change Component Designator: OldDesignator=C39 NewDesignator=C28
Change Component Designator: OldDesignator=C40 NewDesignator=C29
Change Component Designator: OldDesignator=E15 NewDesignator=E1
Change Component Designator: OldDesignator=MLX90640 NewDesignator=MLX1
Change Component Designator: OldDesignator=NRST NewDesignator=NRST1
Change Component Designator: OldDesignator=OLED Screen NewDesignator=OLED Screen1
Change Component Designator: OldDesignator=PWR NewDesignator=PWR1
Change Component Designator: OldDesignator=R2 NewDesignator=R4
Change Component Designator: OldDesignator=R3 NewDesignator=R2
Change Component Designator: OldDesignator=R4 NewDesignator=R3
Change Component Designator: OldDesignator=SHT30 NewDesignator=SHT1
Change Component Designator: OldDesignator=SPU0410LR5H-QB-7 NewDesignator=SPU1
Change Component Designator: OldDesignator=SWD NewDesignator=SWD1
Change Component Designator: OldDesignator=W5500 NewDesignator=W1
Change Net Name : Old Net Name=NetBOOT0_1 New Net Name=NetBOOT1_1
Change Net Name : Old Net Name=NetE15_A New Net Name=NetE1_A
Change Net Name : Old Net Name=NetPWR_A New Net Name=NetPWR1_A
