Change Component Designator: Old Designator=BOOT0 New Designator=BOOT1
Change Component Designator: Old Designator=C12 New Designator=C1
Change Component Designator: Old Designator=C13 New Designator=C2
Change Component Designator: Old Designator=C14 New Designator=C3
Change Component Designator: Old Designator=C15 New Designator=C4
Change Component Designator: Old Designator=C16 New Designator=C5
Change Component Designator: Old Designator=C17 New Designator=C6
Change Component Designator: Old Designator=C18 New Designator=C7
Change Component Designator: Old Designator=C19 New Designator=C8
Change Component Designator: Old Designator=C20 New Designator=C9
Change Component Designator: Old Designator=C21 New Designator=C10
Change Component Designator: Old Designator=C22 New Designator=C11
Change Component Designator: Old Designator=C23 New Designator=C12
Change Component Designator: Old Designator=C24 New Designator=C13
Change Component Designator: Old Designator=C25 New Designator=C14
Change Component Designator: Old Designator=C26 New Designator=C15
Change Component Designator: Old Designator=C27 New Designator=C16
Change Component Designator: Old Designator=C28 New Designator=C17
Change Component Designator: Old Designator=C29 New Designator=C18
Change Component Designator: Old Designator=C30 New Designator=C19
Change Component Designator: Old Designator=C31 New Designator=C21
Change Component Designator: Old Designator=C32 New Designator=C24
Change Component Designator: Old Designator=C33 New Designator=C25
Change Component Designator: Old Designator=C34 New Designator=C22
Change Component Designator: Old Designator=C35 New Designator=C23
Change Component Designator: Old Designator=C36 New Designator=C20
Change Component Designator: Old Designator=E15 New Designator=E1
Change Component Designator: Old Designator=NRST New Designator=NRST1
Change Component Designator: Old Designator=R3 New Designator=R2
Change Component Designator: Old Designator=R4 New Designator=R3
Change Component Designator: Old Designator=SWD New Designator=SWD1
