Removed Pin From Net: NetName=NetC3_1 Pin=DMT1-7
Removed Pin From Net: NetName=NetC4_2 Pin=DMT1-8
Removed Pin From Net: NetName=NetC3_1 Pin=DMT2-7
Removed Pin From Net: NetName=NetC7_2 Pin=DMT2-8
Removed Member From Class: ClassName=POWER Member=DMT1
Removed Member From Class: ClassName=POWER Member=DMT2
Change Component Designator: OldDesignator=C18 NewDesignator=C19
Change Component Designator: OldDesignator=C19 NewDesignator=C18
Added Component: Designator=	1(TRANS_DMT6016LFDF-7)
Add component (AddParameter): Name = "Check_prices"; Value = "https://www.snapeda.com/parts/DMT6016LFDF-7/Diodes+Inc./view-part/?ref=eda"; VariantName = "[No Variations]"
Add component (AddParameter): Name = "MF"; Value = "Diodes Inc."; VariantName = "[No Variations]"
Add component (AddParameter): Name = "MP"; Value = "DMT6016LFDF-7"; VariantName = "[No Variations]"
Add component (AddParameter): Name = "Package"; Value = "UDFN-6 Diodes Inc."; VariantName = "[No Variations]"
Add component (AddParameter): Name = "SnapEDA_Link"; Value = "https://www.snapeda.com/parts/DMT6016LFDF-7/Diodes+Inc./view-part/?ref=snap"; VariantName = "[No Variations]"
Add component (AddParameter): Name = "Value"; Value = ""; VariantName = "[No Variations]"
Added Component: Designator=	2(TRANS_DMT6016LFDF-7)
Add component (AddParameter): Name = "Check_prices"; Value = "https://www.snapeda.com/parts/DMT6016LFDF-7/Diodes+Inc./view-part/?ref=eda"; VariantName = "[No Variations]"
Add component (AddParameter): Name = "MF"; Value = "Diodes Inc."; VariantName = "[No Variations]"
Add component (AddParameter): Name = "MP"; Value = "DMT6016LFDF-7"; VariantName = "[No Variations]"
Add component (AddParameter): Name = "Package"; Value = "UDFN-6 Diodes Inc."; VariantName = "[No Variations]"
Add component (AddParameter): Name = "SnapEDA_Link"; Value = "https://www.snapeda.com/parts/DMT6016LFDF-7/Diodes+Inc./view-part/?ref=snap"; VariantName = "[No Variations]"
Add component (AddParameter): Name = "Value"; Value = ""; VariantName = "[No Variations]"
Added Pin To Net: NetName=NetC3_1 Pin=	1-1
Added Pin To Net: NetName=NetC3_1 Pin=	1-2
Added Pin To Net: NetName=NetC4_2 Pin=	1-4
Added Pin To Net: NetName=NetC3_1 Pin=	1-5
Added Pin To Net: NetName=NetC3_1 Pin=	1-6
Added Pin To Net: NetName=NetC4_2 Pin=	1-7
Added Pin To Net: NetName=NetC3_1 Pin=	1-8
Added Pin To Net: NetName=NetC7_2 Pin=	2-4
Added Pin To Net: NetName=NetC7_2 Pin=	2-7
Added Pin To Net: NetName=NetC4_2 Pin=LM1-4
Added Pin To Net: NetName=NetC7_2 Pin=LM2-4
Change Net Name : Old Net Name=NetC3_1 New Net Name=Net	1_1
Change Net Name : Old Net Name=NetC4_2 New Net Name=Net	1_4
Change Net Name : Old Net Name=NetC7_2 New Net Name=Net	2_4
Change Net Name : Old Net Name=NetC18_1 New Net Name=NetC19_1
Change Net Name : Old Net Name=NetC19_2 New Net Name=NetC18_2
Added Pin To Net: NetName=Net	1_3 Pin=	1-3
Added Pin To Net: NetName=Net	1_3 Pin=LM1-2
Added Pin To Net: NetName=Net	1_3 Pin=LM1-6
Added Net: Name=Net	1_3
Added Pin To Net: NetName=Net	2_1 Pin=	2-1
Added Pin To Net: NetName=Net	2_1 Pin=	2-2
Added Pin To Net: NetName=Net	2_1 Pin=	2-5
Added Pin To Net: NetName=Net	2_1 Pin=	2-6
Added Pin To Net: NetName=Net	2_1 Pin=	2-8
Added Net: Name=Net	2_1
Added Pin To Net: NetName=Net	2_3 Pin=	2-3
Added Pin To Net: NetName=Net	2_3 Pin=LM2-2
Added Pin To Net: NetName=Net	2_3 Pin=LM2-6
Added Net: Name=Net	2_3
Added Member To Class: ClassName=POWER Member=Component 	1 DMT6016LFDF-7
Added Member To Class: ClassName=POWER Member=Component 	2 DMT6016LFDF-7
