Removed Pin From Net: NetName=3V3 Pin=C8-1
Removed Pin From Net: NetName=GND Pin=C8-2
Removed Pin From Net: NetName=3V3 Pin=C9-1
Removed Pin From Net: NetName=GND Pin=C9-2
Removed Pin From Net: NetName=3V3 Pin=JP1-2
Removed Pin From Net: NetName=3V3 Pin=SHT1-1
Removed Pin From Net: NetName=3V3 Pin=STM1-20
Removed Pin From Net: NetName=3V3 Pin=STM1-21
Change Component Designator: OldDesignator=C10 NewDesignator=C8
Change Component Designator: OldDesignator=C11 NewDesignator=C9
Change Component Designator: OldDesignator=C12 NewDesignator=C10
Change Component Designator: OldDesignator=C13 NewDesignator=C11
Change Component Designator: OldDesignator=C14 NewDesignator=C12
Change Component Designator: OldDesignator=C15 NewDesignator=C13
Change Component Designator: OldDesignator=C16 NewDesignator=C14
Change Component Designator: OldDesignator=C17 NewDesignator=C18
Change Component Designator: OldDesignator=C18 NewDesignator=C19
Change Component Designator: OldDesignator=C19 NewDesignator=C20
Change Component Designator: OldDesignator=C20 NewDesignator=C21
Change Component Designator: OldDesignator=C21 NewDesignator=C22
Change Component Designator: OldDesignator=C22 NewDesignator=C23
Change Component Designator: OldDesignator=C23 NewDesignator=C24
Change Component Designator: OldDesignator=C24 NewDesignator=C25
Change Component Designator: OldDesignator=C25 NewDesignator=C26
Change Component Designator: OldDesignator=C26 NewDesignator=C27
Change Component Designator: OldDesignator=C27 NewDesignator=C28
Change Component Designator: OldDesignator=C28 NewDesignator=C29
Added Component: Designator=C15(Cap 0805)
Added Component: Designator=C16(Cap 0805)
Added Component: Designator=C17(Cap 0805)
Added Component: Designator=FB200(FB_0805)
Add component (AddParameter): Name = "Distributor Link"; Value = ""; VariantName = "[No Variations]"
Add component (AddParameter): Name = "LCSC"; Value = ""; VariantName = "[No Variations]"
Add component (AddParameter): Name = "Manufacturer"; Value = ""; VariantName = "[No Variations]"
Add component (AddParameter): Name = "Manufacturer Part Number"; Value = ""; VariantName = "[No Variations]"
Added Pin To Net: NetName=GND Pin=C15-2
Added Pin To Net: NetName=GND Pin=C16-2
Added Pin To Net: NetName=3V3 Pin=C17-1
Added Pin To Net: NetName=GND Pin=C17-2
Added Pin To Net: NetName=3V3 Pin=ESP1-2
Added Pin To Net: NetName=GND Pin=ESP2-1
Added Pin To Net: NetName=GND Pin=ESP2-21
Added Pin To Net: NetName=3V3 Pin=FB200-2
Added Pin To Net: NetName=+3V3 Pin=JP1-2
Added Pin To Net: NetName=+3V3 Pin=SHT1-1
Change Net Name : Old Net Name=NetC17_1 New Net Name=NetC18_1
Change Net Name : Old Net Name=NetC18_1 New Net Name=NetC19_1
Added Pin To Net: NetName=MCU VDDA Pin=C15-1
Added Pin To Net: NetName=MCU VDDA Pin=C16-1
Added Pin To Net: NetName=MCU VDDA Pin=FB200-1
Added Pin To Net: NetName=MCU VDDA Pin=STM1-20
Added Pin To Net: NetName=MCU VDDA Pin=STM1-21
Added Net: Name=MCU VDDA
Added Member To Class: ClassName=MCU Member=Component C25 9pF
Added Member To Class: ClassName=MCU Member=Component FB200 100R
Added Room: Name=Bat_indicator
Added Room: Name=MCU
Added Room: Name=POWER
Added Room: Name=Regulator
