Removed Member From Class: ClassName=MCU Member=LED6
Removed Member From Class: ClassName=MCU Member=LED7
Change Component Designator: OldDesignator=C26 NewDesignator=C24
Change Component Designator: OldDesignator=C27 NewDesignator=C25
Change Component Designator: OldDesignator=C28 NewDesignator=C26
Change Component Designator: OldDesignator=C29 NewDesignator=C27
Added Component: Designator=D6(LED_0805_GREEN)
Add component (AddParameter): Name = "Distributor Link"; Value = ""; VariantName = "[No Variations]"
Add component (AddParameter): Name = "LCSC"; Value = ""; VariantName = "[No Variations]"
Add component (AddParameter): Name = "Manufacturer"; Value = ""; VariantName = "[No Variations]"
Add component (AddParameter): Name = "Manufacturer Part Number"; Value = ""; VariantName = "[No Variations]"
Added Component: Designator=D7(LED_0805_GREEN)
Add component (AddParameter): Name = "Distributor Link"; Value = ""; VariantName = "[No Variations]"
Add component (AddParameter): Name = "LCSC"; Value = ""; VariantName = "[No Variations]"
Add component (AddParameter): Name = "Manufacturer"; Value = ""; VariantName = "[No Variations]"
Add component (AddParameter): Name = "Manufacturer Part Number"; Value = ""; VariantName = "[No Variations]"
Added Pin To Net: NetName=NetD6_A Pin=D6-A
Added Pin To Net: NetName=NetD6_A Pin=STM1-37
Added Net: Name=NetD6_A
Added Pin To Net: NetName=NetD6_K Pin=D6-K
Added Pin To Net: NetName=NetD6_K Pin=R8-2
Added Net: Name=NetD6_K
Added Pin To Net: NetName=NetD7_A Pin=D7-A
Added Pin To Net: NetName=NetD7_A Pin=STM1-38
Added Net: Name=NetD7_A
Added Pin To Net: NetName=NetD7_K Pin=D7-K
Added Pin To Net: NetName=NetD7_K Pin=R9-2
Added Net: Name=NetD7_K
Added Member To Class: ClassName=MCU Member=Component D6 GREEN
Added Member To Class: ClassName=MCU Member=Component D7 GREEN
Added Room: Name=Bat_indicator
Added Room: Name=MCU
Added Room: Name=POWER
Added Room: Name=Regulator
